[17:54:15] Verificando se já existe pessoa com CPF/CNPJ: 12.323.313/1232-31213
[17:54:15] Resultado da verificação: Não encontrado
[18:36:19] Consulta: INSERT INTO pessoa_empresa (id_pessoa, slogan, website, facebook, instagram, twitter, youtube, caminho_logo, cor_primaria, cor_secundaria, inscricao_estadual, regime_tributario, nome_responsavel) VALUES (?, ?, ?, ?, ?, ?, ?, ?, ?, ?, ?, ?, ?)
[18:37:21] Consulta: INSERT INTO pessoa_empresa (id_pessoa, slogan, website, facebook, instagram, twitter, youtube, caminho_logo, cor_primaria, cor_secundaria, inscricao_estadual, regime_tributario, nome_responsavel) VALUES (?, ?, ?, ?, ?, ?, ?, ?, ?, ?, ?, ?, ?)
[18:37:21] Campos: {"id_pessoa":1,"slogan":"","website":"https:\/\/www.google.com\/","facebook":"","instagram":"","twitter":"","youtube":"","caminho_logo":"","cor_primaria":"#0d6efd","cor_secundaria":"#6c757d","inscricao_estadual":"","regime_tributario":"","nome_responsavel":""}
[18:39:49] Consulta: INSERT INTO pessoa_empresa (id_pessoa, slogan, website, facebook, instagram, twitter, youtube, caminho_logo, cor_primaria, cor_secundaria, inscricao_estadual, regime_tributario, nome_responsavel) VALUES (?, ?, ?, ?, ?, ?, ?, ?, ?, ?, ?, ?, ?)
[18:39:49] Campos: {"id_pessoa":1,"slogan":"","website":"https:\/\/www.google.com\/","facebook":"","instagram":"","twitter":"","youtube":"","caminho_logo":"","cor_primaria":"#0d6efd","cor_secundaria":"#6c757d","inscricao_estadual":"","regime_tributario":"","nome_responsavel":""}
[18:40:20] Consulta: INSERT INTO pessoa_empresa (id_pessoa, slogan, website, facebook, instagram, twitter, youtube, caminho_logo, cor_primaria, cor_secundaria, inscricao_estadual, regime_tributario, nome_responsavel) VALUES (?, ?, ?, ?, ?, ?, ?, ?, ?, ?, ?, ?, ?)
[18:40:20] Campos: {"id_pessoa":1,"slogan":"","website":"","facebook":"","instagram":"","twitter":"","youtube":"","caminho_logo":"","cor_primaria":"#0d6efd","cor_secundaria":"#6c757d","inscricao_estadual":"","regime_tributario":"","nome_responsavel":""}
[20:41:32] Erro ao atualizar registro: SQLSTATE[42S22]: Column not found: 1054 Unknown column 'id' in 'where clause'
[20:41:32] Consulta: UPDATE pessoa_empresa SET id_pessoa = ?, slogan = ?, website = ?, facebook = ?, instagram = ?, twitter = ?, youtube = ?, caminho_logo = ?, cor_primaria = ?, cor_secundaria = ?, inscricao_estadual = ?, regime_tributario = ?, nome_responsavel = ? WHERE id = ?
[20:41:32] Campos: {"id_pessoa":1,"slogan":"","website":"","facebook":"","instagram":"","twitter":"","youtube":"","caminho_logo":"","cor_primaria":"#0d6efd","cor_secundaria":"#6c757d","inscricao_estadual":"","regime_tributario":null,"nome_responsavel":""}
[20:57:05] Atualizando registro: ["","https:\/\/www.facebook.com\/","","","","","","#0d6efd","#6c757d","",null,"",null]
[20:57:05] Consulta: UPDATE pessoa_empresa SET slogan = ?, website = ?, facebook = ?, instagram = ?, twitter = ?, youtube = ?, caminho_logo = ?, cor_primaria = ?, cor_secundaria = ?, inscricao_estadual = ?, regime_tributario = ?, nome_responsavel = ? WHERE id_pessoa = ?
[21:00:05] Atualizando registro: ["","https:\/\/www.facebook.com\/","","","","","","#0d6efd","#6c757d","",null,"",null]
[21:00:05] Consulta: UPDATE pessoa_empresa SET slogan = ?, website = ?, facebook = ?, instagram = ?, twitter = ?, youtube = ?, caminho_logo = ?, cor_primaria = ?, cor_secundaria = ?, inscricao_estadual = ?, regime_tributario = ?, nome_responsavel = ? WHERE id_pessoa = ?
[21:01:11] Retorno da inserção/atualização: {"success":true,"message":["Empresa atualizada com sucesso."],"id":null}
[21:03:01] Retorno da inserção/atualização: {"success":true,"message":["Empresa atualizada com sucesso."],"id":null}
[21:04:15] ID Pessoa: 1
[21:06:59] Dados da empresa: {"id_pessoa":1,"slogan":"","website":"https:\/\/www.facebook.com\/","facebook":"https:\/\/www.facebook.com\/","instagram":"","linkedin":null,"twitter":"","youtube":"","caminho_logo":"","caminho_favicon":null,"cor_primaria":"#0d6efd","cor_secundaria":"#6c757d","inscricao_estadual":"","regime_tributario":null,"nome_responsavel":""}
[21:09:16] Dados da empresa: {"id_pessoa":1,"slogan":"","website":"","facebook":"https:\/\/www.facebook.com\/","instagram":"","linkedin":null,"twitter":"","youtube":"","caminho_logo":"","caminho_favicon":null,"cor_primaria":"#0d6efd","cor_secundaria":"#6c757d","inscricao_estadual":"","regime_tributario":null,"nome_responsavel":""}
[21:09:49] Dados da empresa: {"id_pessoa":1,"slogan":"","website":"https:\/\/www.facebook.com\/","facebook":"https:\/\/www.facebook.com\/","instagram":"","linkedin":null,"twitter":"","youtube":"","caminho_logo":"","caminho_favicon":null,"cor_primaria":"#0d6efd","cor_secundaria":"#6c757d","inscricao_estadual":"","regime_tributario":null,"nome_responsavel":""}
[21:10:32] Dados da empresa: {"id_pessoa":1,"slogan":"","website":"","facebook":"https:\/\/www.facebook.com\/","instagram":"","linkedin":null,"twitter":"","youtube":"","caminho_logo":"","caminho_favicon":null,"cor_primaria":"#0d6efd","cor_secundaria":"#6c757d","inscricao_estadual":"","regime_tributario":null,"nome_responsavel":""}
[21:19:10] Dados da empresa: {"id_pessoa":1,"slogan":"","website":"","facebook":"https:\/\/www.facebook.com\/","instagram":"","linkedin":null,"twitter":"","youtube":"","caminho_logo":"","caminho_favicon":null,"cor_primaria":"#0d6efd","cor_secundaria":"#6c757d","inscricao_estadual":"","regime_tributario":null,"nome_responsavel":""}
[21:43:11] Dados da empresa: {"id_pessoa":1,"slogan":"","website":"","facebook":"https:\/\/www.facebook.com\/","instagram":"","linkedin":null,"twitter":"","youtube":"","caminho_logo":"","caminho_favicon":null,"cor_primaria":"#0d6efd","cor_secundaria":"#6c757d","inscricao_estadual":"","regime_tributario":"mei","nome_responsavel":""}
[21:43:30] Dados da empresa: {"id_pessoa":1,"slogan":"Sua melhor pedalada come\u00e7a aqui.","website":"","facebook":"https:\/\/www.facebook.com\/","instagram":"","linkedin":null,"twitter":"","youtube":"","caminho_logo":"","caminho_favicon":null,"cor_primaria":"#0d6efd","cor_secundaria":"#6c757d","inscricao_estadual":"","regime_tributario":"mei","nome_responsavel":""}
